<?xml version="1.0" encoding="UTF-8" ?>
<testsuite tests="4" failures="0" name="adt.heap.FloorCeilHeapTest" time="0.008" errors="0" skipped="0">
  <properties>
[...]
</properties>
  <testcase classname="adt.heap.FloorCeilHeapTest" name="testFloor" time="0.008"/>
  <testcase classname="adt.heap.FloorCeilHeapTest" name="testCeil" time="0"/>
  <testcase classname="adt.heap.FloorCeilHeapTest" name="testNull" time="0"/>
  <testcase classname="adt.heap.FloorCeilHeapTest" name="testFloor2" time="0"/>
</testsuite>